<?xml version="1.0" encoding="utf-8" ?>
<testsuites tests="9" failures="0" time="0.022">
  <testsuite name="test_leds" tests="9" failures="0" skipped="0" errors="0" time="0.022">
    <testcase name="test_todos_los_leds_deben_arrancar_apagados" time="0.000"/>
    <testcase name="test_prender_un_solo_led" time="0.000"/>
    <testcase name="test_prender_y_apagar_led" time="0.000"/>
    <testcase name="test_prender_dos_leds_y_apagar_un_solo_led" time="0.000"/>
    <testcase name="test_prender_todos_los_leds_juntos" time="0.000"/>
    <testcase name="test_prender_y_apagar_todos_los_leds_juntos" time="0.000"/>
    <testcase name="test_prender_un_led_y_verificar_estado" time="0.000"/>
    <testcase name="test_apagar_un_led_y_verificar_estado" time="0.000"/>
    <testcase name="test_revisar_leds_correctamente_mapeado_en_memoria" time="0.000"/>
  </testsuite>
</testsuites>
